mode: set
github.com/cybernamix/celeritas/session/session.go:20.53,25.16 3 1
github.com/cybernamix/celeritas/session/session.go:30.2,30.48 1 1
github.com/cybernamix/celeritas/session/session.go:35.2,35.47 1 1
github.com/cybernamix/celeritas/session/session.go:40.2,48.40 7 1
github.com/cybernamix/celeritas/session/session.go:59.2,59.16 1 1
github.com/cybernamix/celeritas/session/session.go:25.16,27.3 1 0
github.com/cybernamix/celeritas/session/session.go:30.48,32.3 1 1
github.com/cybernamix/celeritas/session/session.go:35.47,37.3 1 0
github.com/cybernamix/celeritas/session/session.go:49.15,49.15 0 0
github.com/cybernamix/celeritas/session/session.go:51.26,51.26 0 0
github.com/cybernamix/celeritas/session/session.go:53.32,53.32 0 0
github.com/cybernamix/celeritas/session/session.go:55.10,55.10 0 1
github.com/cybernamix/celeritas/render/render.go:34.111,35.37 1 1
github.com/cybernamix/celeritas/render/render.go:44.2,44.52 1 1
github.com/cybernamix/celeritas/render/render.go:36.12,37.36 1 1
github.com/cybernamix/celeritas/render/render.go:39.13,40.48 1 1
github.com/cybernamix/celeritas/render/render.go:41.10,41.10 0 1
github.com/cybernamix/celeritas/render/render.go:49.102,51.16 2 1
github.com/cybernamix/celeritas/render/render.go:55.2,56.17 2 1
github.com/cybernamix/celeritas/render/render.go:60.2,61.16 2 1
github.com/cybernamix/celeritas/render/render.go:65.2,65.12 1 1
github.com/cybernamix/celeritas/render/render.go:51.16,53.3 1 1
github.com/cybernamix/celeritas/render/render.go:56.17,58.3 1 0
github.com/cybernamix/celeritas/render/render.go:61.16,63.3 1 0
github.com/cybernamix/celeritas/render/render.go:69.122,73.22 2 1
github.com/cybernamix/celeritas/render/render.go:79.2,80.17 2 1
github.com/cybernamix/celeritas/render/render.go:84.2,85.16 2 1
github.com/cybernamix/celeritas/render/render.go:90.2,90.46 1 1
github.com/cybernamix/celeritas/render/render.go:95.2,95.12 1 1
github.com/cybernamix/celeritas/render/render.go:73.22,75.3 1 1
github.com/cybernamix/celeritas/render/render.go:75.8,77.3 1 0
github.com/cybernamix/celeritas/render/render.go:80.17,82.3 1 0
github.com/cybernamix/celeritas/render/render.go:85.16,88.3 2 1
github.com/cybernamix/celeritas/render/render.go:90.46,93.3 2 0
